<?xml version="1.0" encoding="UTF-8"?>
<testsuite xmlns:xsi="http://www.w3.org/2001/XMLSchema-instance" xsi:noNamespaceSchemaLocation="https://maven.apache.org/surefire/maven-surefire-plugin/xsd/surefire-test-report-3.0.xsd" version="3.0" name="HotelTest" time="0.175" tests="22" errors="0" skipped="0" failures="0">
  <properties>
[...]
</properties>
  <testcase name="testIsRoomReserved" classname="HotelTest" time="0.104"/>
  <testcase name="testGetNumberOfRoomsWithKingSizeBed" classname="HotelTest" time="0.002"/>
  <testcase name="testAddRoom" classname="HotelTest" time="0.002"/>
  <testcase name="testAddNewReservationClientNotFound" classname="HotelTest" time="0.003"/>
  <testcase name="testSetClients" classname="HotelTest" time="0.001"/>
  <testcase name="testAddNewReservation" classname="HotelTest" time="0.0"/>
  <testcase name="testAddNewReservationRoomNotFound" classname="HotelTest" time="0.001"/>
  <testcase name="testGetName" classname="HotelTest" time="0.002"/>
  <testcase name="testGetRoomsIsEmpty" classname="HotelTest" time="0.0"/>
  <testcase name="testGetReservationsIsEmpty" classname="HotelTest" time="0.001"/>
  <testcase name="testAddClient" classname="HotelTest" time="0.001"/>
  <testcase name="testGetSpecialServices" classname="HotelTest" time="0.001"/>
  <testcase name="testSetReservations" classname="HotelTest" time="0.001"/>
  <testcase name="testGetClients" classname="HotelTest" time="0.0"/>
  <testcase name="testGetRoomArea" classname="HotelTest" time="0.001"/>
  <testcase name="testGetRoomIdsReservedByClient" classname="HotelTest" time="0.001"/>
  <testcase name="testGetNumberOfUnderageClients" classname="HotelTest" time="0.002"/>
  <testcase name="testSetName" classname="HotelTest" time="0.002"/>
  <testcase name="testSetRoom" classname="HotelTest" time="0.0"/>
  <testcase name="testAddNewReservationRoomReserved" classname="HotelTest" time="0.001"/>
  <testcase name="testConfirmReservation" classname="HotelTest" time="0.001"/>
  <testcase name="testSetSpecialServices" classname="HotelTest" time="0.002"/>
</testsuite>